<?xml version="1.0" encoding="UTF-8"?>
<!-- Generated by org.testng.reporters.JUnitXMLReporter -->
<testsuite ignored="0" hostname="AmolPC" failures="1" tests="4" name="Test" time="44.934" errors="0" timestamp="2022-05-15T19:47:48 IST">
  <testcase classname="E2EProject.Loginpage_Test" name="verfyloginsuccess" time="2.316"/>
  <testcase classname="E2EProject.Loginpage_Test" name="verfyloginsuccess" time="0.034"/>
  <testcase classname="E2EProject.WebTitle_Test" name="TitleTest" time="0.238">
    <failure type="java.lang.AssertionError" message="expected [WebServices Testing using SoapUI] but found []">
      <![CDATA[java.lang.AssertionError: expected [WebServices Testing using SoapUI] but found []
at E2EProject.WebTitle_Test.TitleTest(WebTitle_Test.java:43)
at java.base/java.util.ArrayList.forEach(ArrayList.java:1507)
at java.base/java.util.concurrent.FutureTask.run(FutureTask.java:264)
at java.base/java.util.concurrent.ThreadPoolExecutor.runWorker(ThreadPoolExecutor.java:1128)
at java.base/java.util.concurrent.ThreadPoolExecutor$Worker.run(ThreadPoolExecutor.java:628)
at java.base/java.lang.Thread.run(Thread.java:830)
... Removed 24 stack frames]]>
    </failure>
  </testcase> <!-- TitleTest -->
  <testcase classname="E2EProject.WebTitle_Test" name="navigationbar" time="4.024"/>
</testsuite> <!-- Test -->
