<?xml version="1.0" encoding="UTF-8"?>
<!-- Generated by org.testng.reporters.JUnitXMLReporter -->
<testsuite ignored="0" hostname="AmolPC" failures="0" tests="4" name="Test" time="12.008" errors="0" timestamp="2022-05-13T13:53:46 IST">
  <testcase classname="E2EProject.Loginpage_Test" name="verfyloginsuccess" time="0.235"/>
  <testcase classname="E2EProject.Loginpage_Test" name="verfyloginsuccess" time="0.208"/>
  <testcase classname="E2EProject.WebTitle_Test" name="TitleTest" time="0.061"/>
  <testcase classname="E2EProject.WebTitle_Test" name="navigationbar" time="0.158"/>
</testsuite> <!-- Test -->
