<?xml version="1.0" encoding="UTF-8"?>
<testng-results ignored="0" total="4" passed="4" failed="0" skipped="0">
  <reporter-output>
  </reporter-output>
  <suite started-at="2022-05-13T13:53:33 IST" name="Suite" finished-at="2022-05-13T13:53:45 IST" duration-ms="12008">
    <groups>
    </groups>
    <test started-at="2022-05-13T13:53:33 IST" name="Test" finished-at="2022-05-13T13:53:45 IST" duration-ms="12008">
      <class name="E2EProject.Loginpage_Test">
        <test-method is-config="true" signature="initialize()[pri:0, instance:E2EProject.Loginpage_Test@790da477]" started-at="2022-05-13T13:53:33 IST" name="initialize" finished-at="2022-05-13T13:53:39 IST" duration-ms="5546" status="PASS">
          <reporter-output>
          </reporter-output>
        </test-method> <!-- initialize -->
        <test-method signature="verfyloginsuccess(java.lang.String,java.lang.String)[pri:0, instance:E2EProject.Loginpage_Test@790da477]" started-at="2022-05-13T13:53:45 IST" name="verfyloginsuccess" data-provider="getData" finished-at="2022-05-13T13:53:45 IST" duration-ms="235" status="PASS">
          <params>
            <param index="0">
              <value>
                <![CDATA[nonuser@gmail.com]]>
              </value>
            </param>
            <param index="1">
              <value>
                <![CDATA[Test123]]>
              </value>
            </param>
          </params>
          <reporter-output>
          </reporter-output>
        </test-method> <!-- verfyloginsuccess -->
        <test-method signature="verfyloginsuccess(java.lang.String,java.lang.String)[pri:0, instance:E2EProject.Loginpage_Test@790da477]" started-at="2022-05-13T13:53:45 IST" name="verfyloginsuccess" data-provider="getData" finished-at="2022-05-13T13:53:45 IST" duration-ms="208" status="PASS">
          <params>
            <param index="0">
              <value>
                <![CDATA[Amol.chakre015@gmail.com]]>
              </value>
            </param>
            <param index="1">
              <value>
                <![CDATA[Amol@1774$]]>
              </value>
            </param>
          </params>
          <reporter-output>
          </reporter-output>
        </test-method> <!-- verfyloginsuccess -->
        <test-method is-config="true" signature="teardown()[pri:0, instance:E2EProject.Loginpage_Test@790da477]" started-at="2022-05-13T13:53:45 IST" name="teardown" finished-at="2022-05-13T13:53:45 IST" duration-ms="105" status="PASS">
          <reporter-output>
          </reporter-output>
        </test-method> <!-- teardown -->
      </class> <!-- E2EProject.Loginpage_Test -->
      <class name="E2EProject.WebTitle_Test">
        <test-method is-config="true" signature="initilize()[pri:0, instance:E2EProject.WebTitle_Test@7b324585]" started-at="2022-05-13T13:53:39 IST" name="initilize" finished-at="2022-05-13T13:53:45 IST" duration-ms="5597" status="PASS">
          <reporter-output>
          </reporter-output>
        </test-method> <!-- initilize -->
        <test-method signature="TitleTest()[pri:0, instance:E2EProject.WebTitle_Test@7b324585]" started-at="2022-05-13T13:53:45 IST" name="TitleTest" finished-at="2022-05-13T13:53:45 IST" duration-ms="61" status="PASS">
          <reporter-output>
          </reporter-output>
        </test-method> <!-- TitleTest -->
        <test-method signature="navigationbar()[pri:0, instance:E2EProject.WebTitle_Test@7b324585]" started-at="2022-05-13T13:53:45 IST" name="navigationbar" finished-at="2022-05-13T13:53:45 IST" duration-ms="158" status="PASS">
          <reporter-output>
          </reporter-output>
        </test-method> <!-- navigationbar -->
        <test-method is-config="true" signature="teardown()[pri:0, instance:E2EProject.WebTitle_Test@7b324585]" started-at="2022-05-13T13:53:45 IST" name="teardown" finished-at="2022-05-13T13:53:45 IST" duration-ms="66" status="PASS">
          <reporter-output>
          </reporter-output>
        </test-method> <!-- teardown -->
      </class> <!-- E2EProject.WebTitle_Test -->
    </test> <!-- Test -->
  </suite> <!-- Suite -->
</testng-results>
